<?xml version="1.0" encoding="UTF-8"?>
<testsuite xmlns:xsi="http://www.w3.org/2001/XMLSchema-instance" xsi:noNamespaceSchemaLocation="https://maven.apache.org/surefire/maven-surefire-plugin/xsd/surefire-test-report-3.0.xsd" version="3.0" name="com.ground.MapperTests" time="0.084" tests="1" errors="0" skipped="0" failures="0">
  <properties>
[...]
</properties>
  <testcase name="testInsert" classname="com.ground.MapperTests" time="0.071">
    <system-out><![CDATA[2024-02-06T10:57:47.575+09:00  INFO 18672 --- [           main] t.c.s.AnnotationConfigContextLoaderUtils : Could not detect default configuration classes for test class [com.ground.MapperTests]: MapperTests does not declare any static, non-private, non-final, nested classes annotated with @Configuration.
2024-02-06T10:57:47.578+09:00  INFO 18672 --- [           main] .b.t.c.SpringBootTestContextBootstrapper : Found @SpringBootConfiguration com.ground.GroundApplication for test class com.ground.MapperTests
MemberDTO [user_id=53, log_id=mrsik, log_pw=900112, user_name=백길씩, user_gender=남자, user_birth=900112, img_path=, nickname=길씩, text=테스트, ac_num=0, admin_account=null, ad_pw=null, createDate=Tue Feb 06 10:57:47 KST 2024, updateDate=Tue Feb 06 10:57:47 KST 2024, emailDomain=null, admin_account_or_log_id=null, ad_pw_or_log_pw=null, previousNickname=null]
----------------------------------
레코드가 추가되었습니다.
----------------------------------
]]></system-out>
  </testcase>
</testsuite>